"Signed transaction with txID: DYDIJ2MLINM3ZJOSF4LMJS5MY4QWXQILOG2M62UEKLLCPKQCFT7A\nCreated new app-id: 33":
    application-index: 33
    confirmed-round: 25
    pool-error: ""
    txn:
        sig:
            type: Buffer
            data:
                - 74
                - 180
                - 173
                - 142
                - 74
                - 198
                - 81
                - 242
                - 164
                - 116
                - 207
                - 253
                - 235
                - 175
                - 180
                - 217
                - 101
                - 230
                - 156
                - 24
                - 99
                - 219
                - 147
                - 5
                - 35
                - 152
                - 230
                - 224
                - 159
                - 248
                - 111
                - 18
                - 233
                - 4
                - 53
                - 99
                - 246
                - 216
                - 59
                - 234
                - 208
                - 164
                - 59
                - 199
                - 231
                - 188
                - 119
                - 146
                - 87
                - 9
                - 187
                - 212
                - 2
                - 101
                - 196
                - 34
                - 171
                - 135
                - 66
                - 113
                - 146
                - 26
                - 108
                - 0
        txn:
            apap:
                type: Buffer
                data:
                    - 6
                    - 32
                    - 1
                    - 1
                    - 38
                    - 1
                    - 11
                    - 101
                    - 99
                    - 104
                    - 111
                    - 95
                    - 109
                    - 101
                    - 116
                    - 104
                    - 111
                    - 100
                    - 49
                    - 24
                    - 129
                    - 0
                    - 18
                    - 64
                    - 0
                    - 92
                    - 49
                    - 25
                    - 129
                    - 5
                    - 18
                    - 64
                    - 0
                    - 78
                    - 49
                    - 25
                    - 129
                    - 4
                    - 18
                    - 64
                    - 0
                    - 64
                    - 49
                    - 25
                    - 129
                    - 2
                    - 18
                    - 64
                    - 0
                    - 54
                    - 49
                    - 25
                    - 34
                    - 18
                    - 64
                    - 0
                    - 45
                    - 54
                    - 26
                    - 0
                    - 128
                    - 11
                    - 99
                    - 97
                    - 108
                    - 108
                    - 95
                    - 109
                    - 101
                    - 116
                    - 104
                    - 111
                    - 100
                    - 18
                    - 64
                    - 0
                    - 17
                    - 54
                    - 26
                    - 0
                    - 40
                    - 18
                    - 64
                    - 0
                    - 1
                    - 0
                    - 136
                    - 0
                    - 58
                    - 136
                    - 0
                    - 93
                    - 34
                    - 67
                    - 136
                    - 0
                    - 23
                    - 136
                    - 0
                    - 85
                    - 34
                    - 67
                    - 34
                    - 67
                    - 34
                    - 67
                    - 49
                    - 0
                    - 50
                    - 9
                    - 18
                    - 67
                    - 49
                    - 0
                    - 50
                    - 9
                    - 18
                    - 67
                    - 34
                    - 67
                    - 177
                    - 129
                    - 6
                    - 178
                    - 16
                    - 54
                    - 26
                    - 1
                    - 23
                    - 178
                    - 24
                    - 40
                    - 178
                    - 26
                    - 129
                    - 232
                    - 7
                    - 178
                    - 1
                    - 179
                    - 181
                    - 58
                    - 0
                    - 87
                    - 6
                    - 0
                    - 137
                    - 128
                    - 22
                    - 67
                    - 97
                    - 108
                    - 108
                    - 32
                    - 102
                    - 114
                    - 111
                    - 109
                    - 32
                    - 97
                    - 112
                    - 112
                    - 108
                    - 105
                    - 99
                    - 97
                    - 116
                    - 105
                    - 116
                    - 111
                    - 110
                    - 137
                    - 53
                    - 1
                    - 52
                    - 1
                    - 21
                    - 22
                    - 87
                    - 6
                    - 2
                    - 52
                    - 1
                    - 80
                    - 137
                    - 53
                    - 0
                    - 128
                    - 4
                    - 21
                    - 31
                    - 124
                    - 117
                    - 52
                    - 0
                    - 136
                    - 255
                    - 230
                    - 80
                    - 176
                    - 137
            apgs:
                nbs: 2
                nui: 2
            apls:
                nbs: 2
                nui: 2
            apsu:
                type: Buffer
                data:
                    - 6
                    - 129
                    - 1
                    - 67
            fee: 444000
            fv: 24
            gen: sandnet-v1
            gh:
                type: Buffer
                data:
                    - 119
                    - 156
                    - 44
                    - 153
                    - 12
                    - 174
                    - 228
                    - 161
                    - 216
                    - 139
                    - 122
                    - 36
                    - 134
                    - 76
                    - 42
                    - 193
                    - 75
                    - 7
                    - 44
                    - 166
                    - 109
                    - 19
                    - 251
                    - 127
                    - 232
                    - 59
                    - 74
                    - 39
                    - 126
                    - 168
                    - 179
                    - 45
            lv: 1024
            snd:
                type: Buffer
                data:
                    - 139
                    - 151
                    - 139
                    - 180
                    - 205
                    - 99
                    - 174
                    - 79
                    - 122
                    - 129
                    - 197
                    - 68
                    - 165
                    - 195
                    - 77
                    - 118
                    - 86
                    - 132
                    - 33
                    - 188
                    - 32
                    - 231
                    - 183
                    - 91
                    - 121
                    - 201
                    - 193
                    - 226
                    - 218
                    - 254
                    - 57
                    - 96
            type: appl
